<?xml version="1.0" encoding="UTF-8"?>
<coverage generated="1721005502990" clover="3.2.0">
  <project timestamp="1721005502990" name="All files">
    <metrics statements="23" coveredstatements="22" conditionals="2" coveredconditionals="1" methods="12" coveredmethods="12" elements="37" coveredelements="35" complexity="0" loc="23" ncloc="23" packages="1" files="4" classes="4"/>
    <file name="1.qs.js" path="C:\Users\yuzho\Desktop\saga\jest-demo\1.qs.js">
      <metrics statements="11" coveredstatements="10" conditionals="2" coveredconditionals="1" methods="3" coveredmethods="3"/>
      <line num="7" count="1" type="stmt"/>
      <line num="9" count="1" type="stmt"/>
      <line num="10" count="2" type="stmt"/>
      <line num="11" count="2" type="cond" truecount="1" falsecount="1"/>
      <line num="12" count="0" type="stmt"/>
      <line num="14" count="2" type="stmt"/>
      <line num="17" count="1" type="stmt"/>
      <line num="20" count="1" type="stmt"/>
      <line num="21" count="1" type="stmt"/>
      <line num="22" count="2" type="stmt"/>
      <line num="24" count="1" type="stmt"/>
    </file>
    <file name="3.dom.js" path="C:\Users\yuzho\Desktop\saga\jest-demo\3.dom.js">
      <metrics statements="1" coveredstatements="1" conditionals="0" coveredconditionals="0" methods="1" coveredmethods="1"/>
      <line num="8" count="1" type="stmt"/>
    </file>
    <file name="4.async.js" path="C:\Users\yuzho\Desktop\saga\jest-demo\4.async.js">
      <metrics statements="8" coveredstatements="8" conditionals="0" coveredconditionals="0" methods="5" coveredmethods="5"/>
      <line num="6" count="1" type="stmt"/>
      <line num="12" count="1" type="stmt"/>
      <line num="13" count="1" type="stmt"/>
      <line num="14" count="1" type="stmt"/>
      <line num="19" count="1" type="stmt"/>
      <line num="20" count="1" type="stmt"/>
      <line num="21" count="1" type="stmt"/>
      <line num="22" count="1" type="stmt"/>
    </file>
    <file name="5.ajax.js" path="C:\Users\yuzho\Desktop\saga\jest-demo\5.ajax.js">
      <metrics statements="3" coveredstatements="3" conditionals="0" coveredconditionals="0" methods="3" coveredmethods="3"/>
      <line num="3" count="1" type="stmt"/>
      <line num="8" count="1" type="stmt"/>
      <line num="13" count="1" type="stmt"/>
    </file>
  </project>
</coverage>
