{"C:\\Users\\yuzho\\Desktop\\saga\\jest-demo\\1.qs.js": {"path":"C:\\Users\\yuzho\\Desktop\\saga\\jest-demo\\1.qs.js","statementMap":{"0":{"start":{"line":7,"column":13},"end":{"line":7,"column":15}},"1":{"start":{"line":9,"column":1},"end":{"line":16,"column":3}},"2":{"start":{"line":10,"column":14},"end":{"line":10,"column":34}},"3":{"start":{"line":11,"column":2},"end":{"line":15,"column":3}},"4":{"start":{"line":12,"column":3},"end":{"line":12,"column":35}},"5":{"start":{"line":14,"column":3},"end":{"line":14,"column":28}},"6":{"start":{"line":17,"column":1},"end":{"line":17,"column":11}},"7":{"start":{"line":20,"column":13},"end":{"line":20,"column":15}},"8":{"start":{"line":21,"column":1},"end":{"line":23,"column":2}},"9":{"start":{"line":22,"column":2},"end":{"line":22,"column":32}},"10":{"start":{"line":24,"column":1},"end":{"line":24,"column":21}}},"fnMap":{"0":{"name":"parser","decl":{"start":{"line":6,"column":16},"end":{"line":6,"column":22}},"loc":{"start":{"line":6,"column":28},"end":{"line":18,"column":1}},"line":6},"1":{"name":"(anonymous_1)","decl":{"start":{"line":9,"column":36},"end":{"line":9,"column":37}},"loc":{"start":{"line":9,"column":47},"end":{"line":16,"column":2}},"line":9},"2":{"name":"stringify","decl":{"start":{"line":19,"column":16},"end":{"line":19,"column":25}},"loc":{"start":{"line":19,"column":31},"end":{"line":25,"column":1}},"line":19}},"branchMap":{"0":{"loc":{"start":{"line":11,"column":2},"end":{"line":15,"column":3}},"type":"if","locations":[{"start":{"line":11,"column":2},"end":{"line":15,"column":3}},{"start":{"line":13,"column":9},"end":{"line":15,"column":3}}],"line":11}},"s":{"0":1,"1":1,"2":2,"3":2,"4":0,"5":2,"6":1,"7":1,"8":1,"9":2,"10":1},"f":{"0":1,"1":2,"2":1},"b":{"0":[0,2]},"_coverageSchema":"1a1c01bbd47fc00a2c39e90264f33305004495a9","hash":"0ef29803c6064b5971100f2abdc7c0a96fa3937d"}
,"C:\\Users\\yuzho\\Desktop\\saga\\jest-demo\\3.dom.js": {"path":"C:\\Users\\yuzho\\Desktop\\saga\\jest-demo\\3.dom.js","statementMap":{"0":{"start":{"line":8,"column":1},"end":{"line":8,"column":34}}},"fnMap":{"0":{"name":"removeNode","decl":{"start":{"line":6,"column":16},"end":{"line":6,"column":26}},"loc":{"start":{"line":6,"column":33},"end":{"line":9,"column":1}},"line":6}},"branchMap":{},"s":{"0":1},"f":{"0":1},"b":{},"_coverageSchema":"1a1c01bbd47fc00a2c39e90264f33305004495a9","hash":"ce3dd6106e6a889ba93fdcfa89b226d0cd6c9a57"}
,"C:\\Users\\yuzho\\Desktop\\saga\\jest-demo\\4.async.js": {"path":"C:\\Users\\yuzho\\Desktop\\saga\\jest-demo\\4.async.js","statementMap":{"0":{"start":{"line":6,"column":1},"end":{"line":6,"column":19}},"1":{"start":{"line":12,"column":1},"end":{"line":15,"column":9}},"2":{"start":{"line":13,"column":2},"end":{"line":13,"column":19}},"3":{"start":{"line":14,"column":2},"end":{"line":14,"column":21}},"4":{"start":{"line":19,"column":1},"end":{"line":24,"column":3}},"5":{"start":{"line":20,"column":2},"end":{"line":23,"column":10}},"6":{"start":{"line":21,"column":3},"end":{"line":21,"column":25}},"7":{"start":{"line":22,"column":3},"end":{"line":22,"column":27}}},"fnMap":{"0":{"name":"getData","decl":{"start":{"line":5,"column":16},"end":{"line":5,"column":23}},"loc":{"start":{"line":5,"column":28},"end":{"line":16,"column":1}},"line":5},"1":{"name":"(anonymous_1)","decl":{"start":{"line":12,"column":13},"end":{"line":12,"column":14}},"loc":{"start":{"line":12,"column":19},"end":{"line":15,"column":2}},"line":12},"2":{"name":"getDataPromise","decl":{"start":{"line":18,"column":16},"end":{"line":18,"column":30}},"loc":{"start":{"line":18,"column":33},"end":{"line":25,"column":1}},"line":18},"3":{"name":"(anonymous_3)","decl":{"start":{"line":19,"column":20},"end":{"line":19,"column":21}},"loc":{"start":{"line":19,"column":41},"end":{"line":24,"column":2}},"line":19},"4":{"name":"(anonymous_4)","decl":{"start":{"line":20,"column":13},"end":{"line":20,"column":14}},"loc":{"start":{"line":20,"column":19},"end":{"line":23,"column":3}},"line":20}},"branchMap":{},"s":{"0":1,"1":1,"2":1,"3":1,"4":1,"5":1,"6":1,"7":1},"f":{"0":1,"1":1,"2":1,"3":1,"4":1},"b":{},"_coverageSchema":"1a1c01bbd47fc00a2c39e90264f33305004495a9","hash":"d934bf360b2b8e23bedbe1fcc805d2ca38b1aad0"}
,"C:\\Users\\yuzho\\Desktop\\saga\\jest-demo\\5.ajax.js": {"path":"C:\\Users\\yuzho\\Desktop\\saga\\jest-demo\\5.ajax.js","statementMap":{"0":{"start":{"line":3,"column":1},"end":{"line":3,"column":26}},"1":{"start":{"line":8,"column":1},"end":{"line":8,"column":27}},"2":{"start":{"line":13,"column":1},"end":{"line":15,"column":3}}},"fnMap":{"0":{"name":"getList","decl":{"start":{"line":2,"column":16},"end":{"line":2,"column":23}},"loc":{"start":{"line":2,"column":26},"end":{"line":4,"column":1}},"line":2},"1":{"name":"getData","decl":{"start":{"line":7,"column":16},"end":{"line":7,"column":23}},"loc":{"start":{"line":7,"column":26},"end":{"line":9,"column":1}},"line":7},"2":{"name":"getUrl","decl":{"start":{"line":12,"column":16},"end":{"line":12,"column":22}},"loc":{"start":{"line":12,"column":25},"end":{"line":16,"column":1}},"line":12}},"branchMap":{},"s":{"0":1,"1":1,"2":1},"f":{"0":1,"1":1,"2":1},"b":{},"_coverageSchema":"1a1c01bbd47fc00a2c39e90264f33305004495a9","hash":"fefb3b1e71bbbff4761804fc34a80377571ef0ca"}
}
