TN:
SF:1.qs.js
FN:6,parser
FN:9,(anonymous_1)
FN:19,stringify
FNF:3
FNH:3
FNDA:1,parser
FNDA:2,(anonymous_1)
FNDA:1,stringify
DA:7,1
DA:9,1
DA:10,2
DA:11,2
DA:12,0
DA:14,2
DA:17,1
DA:20,1
DA:21,1
DA:22,2
DA:24,1
LF:11
LH:10
BRDA:11,0,0,0
BRDA:11,0,1,2
BRF:2
BRH:1
end_of_record
TN:
SF:3.dom.js
FN:6,removeNode
FNF:1
FNH:1
FNDA:1,removeNode
DA:8,1
LF:1
LH:1
BRF:0
BRH:0
end_of_record
TN:
SF:4.async.js
FN:5,getData
FN:12,(anonymous_1)
FN:18,getDataPromise
FN:19,(anonymous_3)
FN:20,(anonymous_4)
FNF:5
FNH:5
FNDA:1,getData
FNDA:1,(anonymous_1)
FNDA:1,getDataPromise
FNDA:1,(anonymous_3)
FNDA:1,(anonymous_4)
DA:6,1
DA:12,1
DA:13,1
DA:14,1
DA:19,1
DA:20,1
DA:21,1
DA:22,1
LF:8
LH:8
BRF:0
BRH:0
end_of_record
TN:
SF:5.ajax.js
FN:2,getList
FN:7,getData
FN:12,getUrl
FNF:3
FNH:3
FNDA:1,getList
FNDA:1,getData
FNDA:1,getUrl
DA:3,1
DA:8,1
DA:13,1
LF:3
LH:3
BRF:0
BRH:0
end_of_record
